Determining if the pthread_create exist failed with the following output:
Change Dir: /home/henok/Desktop/HedgeHogFiles/AddTask/cmake-build-debug-gcc-8/CMakeFiles/CMakeTmp

Run Build Command(s):/usr/bin/make cmTC_8f3c6/fast 
/usr/bin/make -f CMakeFiles/cmTC_8f3c6.dir/build.make CMakeFiles/cmTC_8f3c6.dir/build
make[1]: Entering directory '/home/henok/Desktop/HedgeHogFiles/AddTask/cmake-build-debug-gcc-8/CMakeFiles/CMakeTmp'
Building C object CMakeFiles/cmTC_8f3c6.dir/CheckSymbolExists.c.o
/usr/bin/gcc-8    -o CMakeFiles/cmTC_8f3c6.dir/CheckSymbolExists.c.o   -c /home/henok/Desktop/HedgeHogFiles/AddTask/cmake-build-debug-gcc-8/CMakeFiles/CMakeTmp/CheckSymbolExists.c
Linking C executable cmTC_8f3c6
/home/henok/clion-2019.1.4/bin/cmake/linux/bin/cmake -E cmake_link_script CMakeFiles/cmTC_8f3c6.dir/link.txt --verbose=1
/usr/bin/gcc-8      CMakeFiles/cmTC_8f3c6.dir/CheckSymbolExists.c.o  -o cmTC_8f3c6 
CMakeFiles/cmTC_8f3c6.dir/CheckSymbolExists.c.o: In function `main':
CheckSymbolExists.c:(.text+0x1b): undefined reference to `pthread_create'
collect2: error: ld returned 1 exit status
CMakeFiles/cmTC_8f3c6.dir/build.make:86: recipe for target 'cmTC_8f3c6' failed
make[1]: *** [cmTC_8f3c6] Error 1
make[1]: Leaving directory '/home/henok/Desktop/HedgeHogFiles/AddTask/cmake-build-debug-gcc-8/CMakeFiles/CMakeTmp'
Makefile:121: recipe for target 'cmTC_8f3c6/fast' failed
make: *** [cmTC_8f3c6/fast] Error 2

File /home/henok/Desktop/HedgeHogFiles/AddTask/cmake-build-debug-gcc-8/CMakeFiles/CMakeTmp/CheckSymbolExists.c:
/* */
#include <pthread.h>

int main(int argc, char** argv)
{
  (void)argv;
#ifndef pthread_create
  return ((int*)(&pthread_create))[argc];
#else
  (void)argc;
  return 0;
#endif
}

Determining if the function pthread_create exists in the pthreads failed with the following output:
Change Dir: /home/henok/Desktop/HedgeHogFiles/AddTask/cmake-build-debug-gcc-8/CMakeFiles/CMakeTmp

Run Build Command(s):/usr/bin/make cmTC_dd8e4/fast 
/usr/bin/make -f CMakeFiles/cmTC_dd8e4.dir/build.make CMakeFiles/cmTC_dd8e4.dir/build
make[1]: Entering directory '/home/henok/Desktop/HedgeHogFiles/AddTask/cmake-build-debug-gcc-8/CMakeFiles/CMakeTmp'
Building C object CMakeFiles/cmTC_dd8e4.dir/CheckFunctionExists.c.o
/usr/bin/gcc-8   -DCHECK_FUNCTION_EXISTS=pthread_create   -o CMakeFiles/cmTC_dd8e4.dir/CheckFunctionExists.c.o   -c /home/henok/clion-2019.1.4/bin/cmake/linux/share/cmake-3.14/Modules/CheckFunctionExists.c
Linking C executable cmTC_dd8e4
/home/henok/clion-2019.1.4/bin/cmake/linux/bin/cmake -E cmake_link_script CMakeFiles/cmTC_dd8e4.dir/link.txt --verbose=1
/usr/bin/gcc-8  -DCHECK_FUNCTION_EXISTS=pthread_create    CMakeFiles/cmTC_dd8e4.dir/CheckFunctionExists.c.o  -o cmTC_dd8e4 -lpthreads 
/usr/bin/ld: cannot find -lpthreads
collect2: error: ld returned 1 exit status
CMakeFiles/cmTC_dd8e4.dir/build.make:86: recipe for target 'cmTC_dd8e4' failed
make[1]: *** [cmTC_dd8e4] Error 1
make[1]: Leaving directory '/home/henok/Desktop/HedgeHogFiles/AddTask/cmake-build-debug-gcc-8/CMakeFiles/CMakeTmp'
Makefile:121: recipe for target 'cmTC_dd8e4/fast' failed
make: *** [cmTC_dd8e4/fast] Error 2


